Arguments: 
  /usr/local/Cellar/node/6.2.1/bin/node /Users/cagatay/.yarn/bin/yarn.js init

PATH: 
  /Users/cagatay/.rvm/gems/ruby-2.4.0/bin:/Users/cagatay/.rvm/gems/ruby-2.4.0@global/bin:/Users/cagatay/.rvm/rubies/ruby-2.4.0/bin:/Users/cagatay/Desktop/google-cloud-sdk/bin:/Users/cagatay/.yarn/bin:/Users/cagatay/.rbenv/shims:/Users/cagatay/.node/lib:/Users/cagatay/.npm-packages/bin:/Users/cagatay/.node/bin:/usr/local/sbin:/usr/local/bin/:/opt/metasploit-framework/bin:/usr/local/bin:/usr/bin:/bin:/usr/sbin:/sbin:/opt/X11/bin:/Users/cagatay/go/bin:/Users/cagatay/.rvm/bin

Yarn version: 
  1.3.2

Node version: 
  9.4.0

Platform: 
  darwin x64

npm manifest: 
  No manifest

yarn manifest: 
  No manifest

Lockfile: 
  No lockfile

Trace: 
  Error: canceled
      at Interface.<anonymous> (/Users/cagatay/.yarn/lib/cli.js:121045:13)
      at Interface.emit (events.js:160:13)
      at Interface._ttyWrite (readline.js:784:16)
      at ReadStream.onkeypress (readline.js:165:10)
      at ReadStream.emit (events.js:160:13)
      at emitKeys (internal/readline.js:420:14)
      at emitKeys.next (<anonymous>)
      at ReadStream.onData (readline.js:1020:36)
      at ReadStream.emit (events.js:160:13)
      at addChunk (_stream_readable.js:269:12)
